<?xml version="1.0" encoding="UTF-8"?>
<testng-results skipped="0" failed="0" ignored="0" total="1" passed="1">
  <reporter-output>
  </reporter-output>
  <suite name="oops" duration-ms="41" started-at="2019-01-17T19:16:32Z" finished-at="2019-01-17T19:16:32Z">
    <groups>
    </groups>
    <test name="ProfileTest" duration-ms="41" started-at="2019-01-17T19:16:32Z" finished-at="2019-01-17T19:16:32Z">
      <class name="oops.testcases.testProfile">
        <test-method status="PASS" signature="ProfileTest()[pri:0, instance:oops.testcases.testProfile@6cc4c815]" name="ProfileTest" duration-ms="10" started-at="2019-01-17T19:16:32Z" finished-at="2019-01-17T19:16:32Z">
          <reporter-output>
          </reporter-output>
        </test-method> <!-- ProfileTest -->
      </class> <!-- oops.testcases.testProfile -->
    </test> <!-- ProfileTest -->
  </suite> <!-- oops -->
</testng-results>
