<?xml version="1.0" encoding="UTF-8"?>
<testng-results skipped="0" failed="0" ignored="0" total="2" passed="2">
  <reporter-output>
  </reporter-output>
  <suite name="Default suite" duration-ms="41635" started-at="2018-08-27T18:40:05Z" finished-at="2018-08-27T18:40:47Z">
    <groups>
    </groups>
    <test name="Default test" duration-ms="41635" started-at="2018-08-27T18:40:05Z" finished-at="2018-08-27T18:40:47Z">
      <class name="com.baseTest.Dice">
        <test-method status="PASS" signature="launch()[pri:1, instance:com.baseTest.Dice@612679d6]" name="launch" duration-ms="3689" started-at="2018-08-27T18:40:05Z" finished-at="2018-08-27T18:40:09Z">
          <reporter-output>
          </reporter-output>
        </test-method> <!-- launch -->
        <test-method status="PASS" signature="dicepage()[pri:2, instance:com.baseTest.Dice@612679d6]" name="dicepage" duration-ms="37921" started-at="2018-08-27T18:40:09Z" finished-at="2018-08-27T18:40:47Z">
          <reporter-output>
          </reporter-output>
        </test-method> <!-- dicepage -->
      </class> <!-- com.baseTest.Dice -->
    </test> <!-- Default test -->
  </suite> <!-- Default suite -->
</testng-results>
