<?xml version="1.0" encoding="UTF-8"?>
<!-- Generated by org.testng.reporters.JUnitXMLReporter -->
<testsuite hostname="E5470-01381" ignored="0" name="TestB2" tests="3" failures="1" timestamp="23 Apr 2018 15:08:33 GMT" time="0.018" errors="0">
  <testcase name="TestB21" time="0.003" classname="suiteB.TestB2"/>
  <testcase name="TestB22" time="0.0" classname="suiteB.TestB2">
    <failure type="java.lang.AssertionError" message="expected [B] but found [A]">
      <![CDATA[java.lang.AssertionError: expected [B] but found [A]
at suiteB.TestB2.TestB22(TestB2.java:19)
at java.util.concurrent.FutureTask.run(Unknown Source)
at java.util.concurrent.ThreadPoolExecutor.runWorker(Unknown Source)
at java.util.concurrent.ThreadPoolExecutor$Worker.run(Unknown Source)
at java.lang.Thread.run(Unknown Source)
... Removed 22 stack frames]]>
    </failure>
  </testcase> <!-- TestB22 -->
  <testcase name="TestB23" time="0.0" classname="suiteB.TestB2">
    <skipped/>
  </testcase> <!-- TestB23 -->
</testsuite> <!-- TestB2 -->
