<?xml version="1.0" encoding="UTF-8"?>
<testng-results skipped="0" failed="0" ignored="0" total="1" passed="1">
  <reporter-output>
  </reporter-output>
  <suite name="Default suite" duration-ms="32879" started-at="2018-06-27T18:38:29Z" finished-at="2018-06-27T18:39:02Z">
    <groups>
    </groups>
    <test name="Default test" duration-ms="32879" started-at="2018-06-27T18:38:29Z" finished-at="2018-06-27T18:39:02Z">
      <class name="seleniumfunction.Radios">
        <test-method status="PASS" signature="drop()[pri:0, instance:seleniumfunction.Radios@4eb7f003]" name="drop" duration-ms="32826" started-at="2018-06-27T18:38:29Z" finished-at="2018-06-27T18:39:02Z">
          <reporter-output>
          </reporter-output>
        </test-method> <!-- drop -->
      </class> <!-- seleniumfunction.Radios -->
    </test> <!-- Default test -->
  </suite> <!-- Default suite -->
</testng-results>
