<?xml version="1.0" encoding="UTF-8"?>
<!-- Generated by org.testng.reporters.JUnitXMLReporter -->
<testsuite hostname="E5470-01381" ignored="0" name="Default test" tests="3" failures="0" timestamp="13 Apr 2018 16:46:40 GMT" time="0.028" errors="0">
  <testcase name="doLogin" time="0.004" classname="Test.ApplicationTest"/>
  <testcase name="AccessDashboard" time="0.004" classname="Test.ApplicationTest"/>
  <testcase name="logout" time="0.004" classname="Test.ApplicationTest"/>
</testsuite> <!-- Default test -->
