<?xml version="1.0" encoding="UTF-8"?>
<!-- Generated by org.testng.reporters.JUnitXMLReporter -->
<testsuite hostname="E5470-01381" ignored="0" name="Default test" tests="4" failures="0" timestamp="13 Apr 2018 22:51:08 GMT" time="0.042" errors="0">
  <testcase name="doReg" time="0.007" classname="Test.DoRegister"/>
  <testcase name="doReg" time="0.002" classname="Test.DoRegister"/>
  <testcase name="doRegAnother" time="0.001" classname="Test.DoRegister"/>
  <testcase name="doRegAnother" time="0.001" classname="Test.DoRegister"/>
</testsuite> <!-- Default test -->
