<?xml version="1.0" encoding="UTF-8"?>
<testng-results skipped="0" failed="0" ignored="0" total="1" passed="1">
  <reporter-output>
  </reporter-output>
  <suite name="Default suite" duration-ms="23517" started-at="2019-09-15T22:16:03Z" finished-at="2019-09-15T22:16:26Z">
    <groups>
    </groups>
    <test name="Default test" duration-ms="23517" started-at="2019-09-15T22:16:03Z" finished-at="2019-09-15T22:16:26Z">
      <class name="testingajax.cookies">
        <test-method status="PASS" signature="ajax()[pri:0, instance:testingajax.cookies@eafc191]" name="ajax" duration-ms="23485" started-at="2019-09-15T22:16:03Z" finished-at="2019-09-15T22:16:26Z">
          <reporter-output>
          </reporter-output>
        </test-method> <!-- ajax -->
      </class> <!-- testingajax.cookies -->
    </test> <!-- Default test -->
  </suite> <!-- Default suite -->
</testng-results>
