<?xml version="1.0" encoding="UTF-8"?>
<testng-results skipped="0" failed="0" ignored="0" total="1" passed="1">
  <reporter-output>
  </reporter-output>
  <suite name="Default suite" duration-ms="17874" started-at="2018-07-11T01:33:14Z" finished-at="2018-07-11T01:33:32Z">
    <groups>
    </groups>
    <test name="Default test" duration-ms="17874" started-at="2018-07-11T01:33:14Z" finished-at="2018-07-11T01:33:32Z">
      <class name="testing.WebTables">
        <test-method status="PASS" signature="Tables()[pri:0, instance:testing.WebTables@76a3e297]" name="Tables" duration-ms="17766" started-at="2018-07-11T01:33:15Z" finished-at="2018-07-11T01:33:32Z">
          <reporter-output>
          </reporter-output>
        </test-method> <!-- Tables -->
      </class> <!-- testing.WebTables -->
    </test> <!-- Default test -->
  </suite> <!-- Default suite -->
</testng-results>
